2025-01-22 17:15:17,304 - telethon.network.mtprotosender - _connect - INFO - Connecting to 149.154.175.55:443/TcpFull...
2025-01-22 17:15:17,428 - telethon.network.mtprotosender - _connect - INFO - Connection to 149.154.175.55:443/TcpFull complete!
2025-01-22 17:15:18,169 - root - iniciar_avalon - INFO - Aplicativo da Avalon já está aberto.
2025-01-22 17:15:18,174 - root - iniciar_avalon - INFO - Aplicativo da Avalon iniciado.
2025-01-22 17:15:18,174 - root - ativar_janela_avalon - INFO - Ativando e maximizando a janela da Avalon com pywinauto...
2025-01-22 17:15:18,357 - root - ativar_janela_avalon - INFO - Forçando a janela da Avalon para o primeiro plano com win32gui...
2025-01-22 17:15:18,357 - root - ativar_janela_avalon - INFO - Janela da Avalon ativada, restaurada e maximizada.
2025-01-22 17:15:35,706 - root - processar_mensagem - INFO - Sinal de trade recebido: Solana - VENDIDO - 2025-01-22 17:16:00
2025-01-22 17:16:01,169 - root - obter_valor_banca - INFO - Valor da banca obtido: 2241.0
2025-01-22 17:16:01,179 - root - ativar_janela_avalon - INFO - Ativando e maximizando a janela da Avalon com pywinauto...
2025-01-22 17:16:01,358 - root - ativar_janela_avalon - INFO - Forçando a janela da Avalon para o primeiro plano com win32gui...
2025-01-22 17:16:01,358 - root - ativar_janela_avalon - INFO - Janela da Avalon ativada, restaurada e maximizada.
2025-01-22 17:16:07,765 - root - executar_acao_trade - INFO - **VENDENDO** Solana
2025-01-22 17:16:10,636 - root - verificar_resultado - INFO - Prejuízo na etapa 1 para Solana. Iniciando Gale 1...
2025-01-22 17:16:10,636 - root - realizar_reentrada - INFO - **REENTRADA - VENDENDO Solana (Gale 2)**
2025-01-22 17:16:12,847 - root - verificar_resultado - INFO - Prejuízo na etapa 2 para Solana. Iniciando Gale 2...
2025-01-22 17:16:12,849 - root - realizar_reentrada - INFO - **REENTRADA - VENDENDO Solana (Gale 4)**
2025-01-22 17:16:14,918 - root - verificar_resultado - INFO - Prejuízo na etapa 3 para Solana. Todas as reentradas foram feitas.
2025-01-22 17:16:16,013 - root - obter_valor_banca - INFO - Valor da banca obtido: 2241.0
2025-01-22 17:16:16,350 - root - verificar_resultado - INFO - Operação finalizada. Resultado: R$0.00
2025-01-22 17:27:10,859 - root - <module> - INFO - Parando o script...
2025-01-22 17:27:10,860 - root - <module> - INFO - Script parado.
2025-01-22 17:27:10,862 - telethon.network.mtprotosender - _disconnect - INFO - Disconnecting from 149.154.175.55:443/TcpFull...
2025-01-22 17:27:10,864 - telethon.network.mtprotosender - _disconnect - INFO - Disconnection from 149.154.175.55:443/TcpFull complete!
2025-01-22 17:27:10,877 - telethon.network.mtprotosender - _disconnect - INFO - Not disconnecting (already have no connection)
2025-01-22 17:27:10,892 - telethon.network.mtprotosender - _disconnect - INFO - Not disconnecting (already have no connection)
